MPASM 5.87                          MAIN.ASM   8-10-2022  18:34:32         PAGE  1


LOC  OBJECT CODE     LINE SOURCE TEXT
  VALUE

                      00001 #include "p10f200.inc"
                      00001         LIST
                      00002 
                      00003 ;==========================================================================
                      00004 ; Build date : Jan 06 2020
                      00005 ;  MPASM PIC10F200 processor include
                      00006 ; 
                      00007 ;  (c) Copyright 1999-2020 Microchip Technology, All rights reserved
                      00008 ;==========================================================================
                      00009 
                      00152         LIST
0FFF   0FEB           00002     __CONFIG _WDT_OFF & _CP_OFF & _MCLRE_OFF
                      00003     
  00000010            00004 i       EQU 10  ;define 0x10 register as the PWM loop variable
  00000011            00005 limit   EQU 11  ;define 0x11 register as the PWM limit
  00000012            00006 j       EQU 12  ;define 0x12 register as the delay variable
                      00007         
Warning[205]: Found directive in column 1. (ORG)
                      00008 ORG 0x0000
                      00009         
0000                  00010 INIT
0000   0CFD           00011         MOVLW   ~(1 << GP1)   ;set GP1 as output
0001   0006           00012         TRIS    GPIO
0002   0071           00013         CLRF    limit   ;Clear the PWM limit
                      00014         
0003                  00015 LOOP
0003   0CFF           00016         MOVLW   0xFF    ;set the inital value of i
0004   0030           00017         MOVWF   i       ;as 0xFF
0005   0526           00018         BSF     GPIO, GP1   ;Set GP1 pin
                      00019         
0006                  00020 INT_LOOP    ;Beginning of the internal PWM loop
0006   0211           00021         MOVF    limit, W        ;Copy the PWM limit value of the W register
0007   0090           00022         SUBWF   i, W    ;Subtract the W from i
0008   0743           00023         BTFSS   STATUS, Z   ;If the result is not 0
0009   0A??           00024         GOTO    $ + 2   ;Then go two lines down
000A   0426           00025         BCF GPIO, GP1   ;Else reset the GP1 pin
000B   09??           00026         CALL    DELAY   ;and call the delay subroutine
000C   02F0           00027         DECFSZ  i, F    ;Decrement the i and check if the result is 0
000D   0A??           00028         GOTO    INT_LOOP    ;If not, return to the internal PWM loop start
000E   00F1           00029         DECF    limit, F        ;otherwise change the PWM limit
000F   0A??           00030         GOTO    LOOP    ;and return to the main loop
                      00031         
0010                  00032 DELAY   ;Start DELAY subroutine here
0010   0C10           00033         MOVLW   10  ;Load initial value for the delay
0011   0032           00034         MOVWF   j   ;Copy the value to j
0012                  00035 DELAY_LOOP  ;Start delay loop
0012   02F2           00036         DECFSZ  j, F    ;Decrement j and check if it is not zero
0013   0A??           00037         GOTO    DELAY_LOOP  ;If not, then go to the DELAY_LOOP label
0014   0800           00038         RETLW   0   ;Else return from the subroutine
                      00039         
Warning[205]: Found directive in column 1. (END)
0FEB                  00040 END
MPASM 5.87                          MAIN.ASM   8-10-2022  18:34:32         PAGE  2


SYMBOL TABLE
  LABEL                             VALUE 

C                                 00000000
CAL0                              00000001
CAL1                              00000002
CAL2                              00000003
CAL3                              00000004
CAL4                              00000005
CAL5                              00000006
CAL6                              00000007
DC                                00000001
DELAY                             00000010
DELAY_LOOP                        00000012
F                                 00000001
FOSC4                             00000000
FSR                               00000004
GP0                               00000000
GP1                               00000001
GP2                               00000002
GP3                               00000003
GPIO                              00000006
GPWUF                             00000007
INDF                              00000000
INIT                              00000000
INT_LOOP                          00000006
LOOP                              00000003
NOT_GPPU                          00000006
NOT_GPWU                          00000007
NOT_PD                            00000003
NOT_TO                            00000004
OSCCAL                            00000005
PCL                               00000002
PS0                               00000000
PS1                               00000001
PS2                               00000002
PSA                               00000003
STATUS                            00000003
T0CS                              00000005
T0SE                              00000004
TMR0                              00000001
TRISIO0                           00000000
TRISIO1                           00000001
TRISIO2                           00000002
TRISIO3                           00000003
W                                 00000000
Z                                 00000002
_.org_0_0009                      00000009
_CONFIG                           00000FFF
_CP_OFF                           00000FFF
_CP_ON                            00000FF7
_IDLOC0                           00000100
_IDLOC1                           00000101
_IDLOC2                           00000102
_IDLOC3                           00000103
_IntRC_OSC                        00000FFF
MPASM 5.87                          MAIN.ASM   8-10-2022  18:34:32         PAGE  3


SYMBOL TABLE
  LABEL                             VALUE 

_MCLRE_OFF                        00000FEF
_MCLRE_ON                         00000FFF
_OSC_IntRC                        00000FFF
_WDTE_OFF                         00000FFB
_WDTE_ON                          00000FFF
_WDT_OFF                          00000FFB
_WDT_ON                           00000FFF
__10F200                          00000001
i                                 00000010
j                                 00000012
limit                             00000011

Errors   :     0
Warnings :     2 reported,     0 suppressed
Messages :     0 reported,     0 suppressed

